[2025-11-27T18:38:17.004+0000] {manager.py:469} INFO - Processing files using up to 2 processes at a time 
[2025-11-27T18:38:17.004+0000] {manager.py:470} INFO - Process each file at most once every 30 seconds
[2025-11-27T18:38:17.004+0000] {manager.py:471} INFO - Checking for new files in /opt/airflow/dags every 300 seconds
[2025-11-27T18:38:17.005+0000] {manager.py:738} INFO - Searching for files in /opt/airflow/dags
[2025-11-27T18:38:17.006+0000] {manager.py:741} INFO - There are 1 files in /opt/airflow/dags
[2025-11-27T18:38:17.268+0000] {manager.py:879} INFO - 
================================================================================
DAG File Processing Stats

File Path                                PID  Runtime      # DAGs    # Errors  Last Runtime    Last Run
-------------------------------------  -----  ---------  --------  ----------  --------------  ----------
/opt/airflow/dags/test_ml_pipeline.py     33  0.18s             0           0
================================================================================
[2025-11-27T18:38:47.381+0000] {manager.py:879} INFO - 
================================================================================
DAG File Processing Stats

File Path                              PID    Runtime      # DAGs    # Errors  Last Runtime    Last Run
-------------------------------------  -----  ---------  --------  ----------  --------------  -------------------
/opt/airflow/dags/test_ml_pipeline.py                           0           1  1.85s           2025-11-27T18:38:18
================================================================================
[2025-11-27T18:39:17.507+0000] {manager.py:879} INFO - 
================================================================================
DAG File Processing Stats

File Path                              PID    Runtime      # DAGs    # Errors  Last Runtime    Last Run
-------------------------------------  -----  ---------  --------  ----------  --------------  -------------------
/opt/airflow/dags/test_ml_pipeline.py                           0           1  0.57s           2025-11-27T18:38:49
================================================================================
[2025-11-27T18:39:47.861+0000] {manager.py:879} INFO - 
================================================================================
DAG File Processing Stats

File Path                              PID    Runtime      # DAGs    # Errors  Last Runtime    Last Run
-------------------------------------  -----  ---------  --------  ----------  --------------  -------------------
/opt/airflow/dags/test_ml_pipeline.py                           0           1  0.33s           2025-11-27T18:39:20
================================================================================
[2025-11-27T18:40:18.293+0000] {manager.py:879} INFO - 
================================================================================
DAG File Processing Stats

File Path                              PID    Runtime      # DAGs    # Errors  Last Runtime    Last Run
-------------------------------------  -----  ---------  --------  ----------  --------------  -------------------
/opt/airflow/dags/test_ml_pipeline.py                           0           1  0.32s           2025-11-27T18:39:50
================================================================================
[2025-11-27T18:40:48.727+0000] {manager.py:879} INFO - 
================================================================================
DAG File Processing Stats

File Path                              PID    Runtime      # DAGs    # Errors  Last Runtime    Last Run
-------------------------------------  -----  ---------  --------  ----------  --------------  -------------------
/opt/airflow/dags/test_ml_pipeline.py                           0           1  0.49s           2025-11-27T18:40:21
================================================================================
[2025-11-27T18:41:18.813+0000] {manager.py:879} INFO - 
================================================================================
DAG File Processing Stats

File Path                              PID    Runtime      # DAGs    # Errors  Last Runtime    Last Run
-------------------------------------  -----  ---------  --------  ----------  --------------  -------------------
/opt/airflow/dags/test_ml_pipeline.py                           0           1  0.49s           2025-11-27T18:40:51
================================================================================
[2025-11-27T18:41:48.955+0000] {manager.py:879} INFO - 
================================================================================
DAG File Processing Stats

File Path                              PID    Runtime      # DAGs    # Errors  Last Runtime    Last Run
-------------------------------------  -----  ---------  --------  ----------  --------------  -------------------
/opt/airflow/dags/test_ml_pipeline.py                           0           1  0.35s           2025-11-27T18:41:22
================================================================================
[2025-11-27T18:42:19.407+0000] {manager.py:879} INFO - 
================================================================================
DAG File Processing Stats

File Path                              PID    Runtime      # DAGs    # Errors  Last Runtime    Last Run
-------------------------------------  -----  ---------  --------  ----------  --------------  -------------------
/opt/airflow/dags/test_ml_pipeline.py                           0           1  0.33s           2025-11-27T18:41:52
================================================================================
[2025-11-27T18:42:49.844+0000] {manager.py:879} INFO - 
================================================================================
DAG File Processing Stats

File Path                              PID    Runtime      # DAGs    # Errors  Last Runtime    Last Run
-------------------------------------  -----  ---------  --------  ----------  --------------  -------------------
/opt/airflow/dags/test_ml_pipeline.py                           0           1  0.49s           2025-11-27T18:42:23
================================================================================
[2025-11-27T18:43:17.447+0000] {manager.py:738} INFO - Searching for files in /opt/airflow/dags
[2025-11-27T18:43:17.448+0000] {manager.py:741} INFO - There are 1 files in /opt/airflow/dags
[2025-11-27T18:43:19.968+0000] {manager.py:879} INFO - 
================================================================================
DAG File Processing Stats

File Path                              PID    Runtime      # DAGs    # Errors  Last Runtime    Last Run
-------------------------------------  -----  ---------  --------  ----------  --------------  -------------------
/opt/airflow/dags/test_ml_pipeline.py                           0           1  0.51s           2025-11-27T18:42:53
================================================================================
[2025-11-27T18:43:50.603+0000] {manager.py:879} INFO - 
================================================================================
DAG File Processing Stats

File Path                              PID    Runtime      # DAGs    # Errors  Last Runtime    Last Run
-------------------------------------  -----  ---------  --------  ----------  --------------  -------------------
/opt/airflow/dags/test_ml_pipeline.py                           0           1  0.61s           2025-11-27T18:43:24
================================================================================
[2025-11-27T18:44:20.843+0000] {manager.py:879} INFO - 
================================================================================
DAG File Processing Stats

File Path                              PID    Runtime      # DAGs    # Errors  Last Runtime    Last Run
-------------------------------------  -----  ---------  --------  ----------  --------------  -------------------
/opt/airflow/dags/test_ml_pipeline.py                           0           1  0.32s           2025-11-27T18:43:54
================================================================================
[2025-11-27T18:44:51.171+0000] {manager.py:879} INFO - 
================================================================================
DAG File Processing Stats

File Path                              PID    Runtime      # DAGs    # Errors  Last Runtime    Last Run
-------------------------------------  -----  ---------  --------  ----------  --------------  -------------------
/opt/airflow/dags/test_ml_pipeline.py                           0           1  0.48s           2025-11-27T18:44:25
================================================================================
[2025-11-27T18:45:21.305+0000] {manager.py:879} INFO - 
================================================================================
DAG File Processing Stats

File Path                              PID    Runtime      # DAGs    # Errors  Last Runtime    Last Run
-------------------------------------  -----  ---------  --------  ----------  --------------  -------------------
/opt/airflow/dags/test_ml_pipeline.py                           0           1  0.59s           2025-11-27T18:44:56
================================================================================
[2025-11-27T18:45:51.461+0000] {manager.py:879} INFO - 
================================================================================
DAG File Processing Stats

File Path                              PID    Runtime      # DAGs    # Errors  Last Runtime    Last Run
-------------------------------------  -----  ---------  --------  ----------  --------------  -------------------
/opt/airflow/dags/test_ml_pipeline.py                           0           1  0.50s           2025-11-27T18:45:26
================================================================================
[2025-11-27T18:46:21.598+0000] {manager.py:879} INFO - 
================================================================================
DAG File Processing Stats

File Path                              PID    Runtime      # DAGs    # Errors  Last Runtime    Last Run
-------------------------------------  -----  ---------  --------  ----------  --------------  -------------------
/opt/airflow/dags/test_ml_pipeline.py                           0           1  0.54s           2025-11-27T18:45:57
================================================================================
[2025-11-27T18:46:51.727+0000] {manager.py:879} INFO - 
================================================================================
DAG File Processing Stats

File Path                              PID    Runtime      # DAGs    # Errors  Last Runtime    Last Run
-------------------------------------  -----  ---------  --------  ----------  --------------  -------------------
/opt/airflow/dags/test_ml_pipeline.py                           0           1  0.63s           2025-11-27T18:46:28
================================================================================
[2025-11-27T18:47:09.392+0000] {manager.py:451} INFO - Exiting gracefully upon receiving signal 15
[2025-11-27T18:48:27.702+0000] {manager.py:469} INFO - Processing files using up to 2 processes at a time 
[2025-11-27T18:48:27.703+0000] {manager.py:470} INFO - Process each file at most once every 30 seconds
[2025-11-27T18:48:27.703+0000] {manager.py:471} INFO - Checking for new files in /opt/airflow/dags every 300 seconds
[2025-11-27T18:48:27.704+0000] {manager.py:738} INFO - Searching for files in /opt/airflow/dags
[2025-11-27T18:48:27.705+0000] {manager.py:741} INFO - There are 1 files in /opt/airflow/dags
[2025-11-27T18:48:27.783+0000] {manager.py:879} INFO - 
================================================================================
DAG File Processing Stats

File Path                                PID  Runtime      # DAGs    # Errors  Last Runtime    Last Run
-------------------------------------  -----  ---------  --------  ----------  --------------  ----------
/opt/airflow/dags/test_ml_pipeline.py     33  0.04s             0           0
================================================================================
[2025-11-27T18:48:57.911+0000] {manager.py:879} INFO - 
================================================================================
DAG File Processing Stats

File Path                              PID    Runtime      # DAGs    # Errors  Last Runtime    Last Run
-------------------------------------  -----  ---------  --------  ----------  --------------  -------------------
/opt/airflow/dags/test_ml_pipeline.py                           0           1  1.16s           2025-11-27T18:48:28
================================================================================
[2025-11-27T18:49:28.131+0000] {manager.py:879} INFO - 
================================================================================
DAG File Processing Stats

File Path                              PID    Runtime      # DAGs    # Errors  Last Runtime    Last Run
-------------------------------------  -----  ---------  --------  ----------  --------------  -------------------
/opt/airflow/dags/test_ml_pipeline.py                           0           1  0.34s           2025-11-27T18:48:59
================================================================================
[2025-11-27T18:49:58.494+0000] {manager.py:879} INFO - 
================================================================================
DAG File Processing Stats

File Path                              PID    Runtime      # DAGs    # Errors  Last Runtime    Last Run
-------------------------------------  -----  ---------  --------  ----------  --------------  -------------------
/opt/airflow/dags/test_ml_pipeline.py                           0           1  0.30s           2025-11-27T18:49:29
================================================================================
[2025-11-27T18:50:28.920+0000] {manager.py:879} INFO - 
================================================================================
DAG File Processing Stats

File Path                              PID    Runtime      # DAGs    # Errors  Last Runtime    Last Run
-------------------------------------  -----  ---------  --------  ----------  --------------  -------------------
/opt/airflow/dags/test_ml_pipeline.py                           0           1  0.38s           2025-11-27T18:50:00
================================================================================
[2025-11-27T18:50:58.958+0000] {manager.py:879} INFO - 
================================================================================
DAG File Processing Stats

File Path                              PID    Runtime      # DAGs    # Errors  Last Runtime    Last Run
-------------------------------------  -----  ---------  --------  ----------  --------------  -------------------
/opt/airflow/dags/test_ml_pipeline.py                           0           1  0.56s           2025-11-27T18:50:30
================================================================================
[2025-11-27T18:51:29.524+0000] {manager.py:879} INFO - 
================================================================================
DAG File Processing Stats

File Path                              PID    Runtime      # DAGs    # Errors  Last Runtime    Last Run
-------------------------------------  -----  ---------  --------  ----------  --------------  -------------------
/opt/airflow/dags/test_ml_pipeline.py                           0           1  0.51s           2025-11-27T18:51:01
================================================================================
[2025-11-27T18:51:59.706+0000] {manager.py:879} INFO - 
================================================================================
DAG File Processing Stats

File Path                              PID    Runtime      # DAGs    # Errors  Last Runtime    Last Run
-------------------------------------  -----  ---------  --------  ----------  --------------  -------------------
/opt/airflow/dags/test_ml_pipeline.py                           0           1  0.37s           2025-11-27T18:51:31
================================================================================
[2025-11-27T18:52:30.150+0000] {manager.py:879} INFO - 
================================================================================
DAG File Processing Stats

File Path                              PID    Runtime      # DAGs    # Errors  Last Runtime    Last Run
-------------------------------------  -----  ---------  --------  ----------  --------------  -------------------
/opt/airflow/dags/test_ml_pipeline.py                           0           1  0.31s           2025-11-27T18:52:02
================================================================================
[2025-11-27T18:53:00.562+0000] {manager.py:879} INFO - 
================================================================================
DAG File Processing Stats

File Path                              PID    Runtime      # DAGs    # Errors  Last Runtime    Last Run
-------------------------------------  -----  ---------  --------  ----------  --------------  -------------------
/opt/airflow/dags/test_ml_pipeline.py                           0           1  0.53s           2025-11-27T18:52:32
================================================================================
[2025-11-27T18:53:27.761+0000] {manager.py:738} INFO - Searching for files in /opt/airflow/dags
[2025-11-27T18:53:27.762+0000] {manager.py:741} INFO - There are 1 files in /opt/airflow/dags
[2025-11-27T18:53:30.701+0000] {manager.py:879} INFO - 
================================================================================
DAG File Processing Stats

File Path                              PID    Runtime      # DAGs    # Errors  Last Runtime    Last Run
-------------------------------------  -----  ---------  --------  ----------  --------------  -------------------
/opt/airflow/dags/test_ml_pipeline.py                           0           1  0.56s           2025-11-27T18:53:03
================================================================================
[2025-11-27T18:54:00.851+0000] {manager.py:879} INFO - 
================================================================================
DAG File Processing Stats

File Path                              PID    Runtime      # DAGs    # Errors  Last Runtime    Last Run
-------------------------------------  -----  ---------  --------  ----------  --------------  -------------------
/opt/airflow/dags/test_ml_pipeline.py                           0           1  1.04s           2025-11-27T18:53:34
================================================================================
[2025-11-27T18:54:31.009+0000] {manager.py:879} INFO - 
================================================================================
DAG File Processing Stats

File Path                              PID    Runtime      # DAGs    # Errors  Last Runtime    Last Run
-------------------------------------  -----  ---------  --------  ----------  --------------  -------------------
/opt/airflow/dags/test_ml_pipeline.py                           0           1  0.59s           2025-11-27T18:54:05
================================================================================
[2025-11-27T18:55:01.146+0000] {manager.py:879} INFO - 
================================================================================
DAG File Processing Stats

File Path                              PID    Runtime      # DAGs    # Errors  Last Runtime    Last Run
-------------------------------------  -----  ---------  --------  ----------  --------------  -------------------
/opt/airflow/dags/test_ml_pipeline.py                           0           1  0.65s           2025-11-27T18:54:36
================================================================================
[2025-11-27T18:55:31.471+0000] {manager.py:879} INFO - 
================================================================================
DAG File Processing Stats

File Path                              PID    Runtime      # DAGs    # Errors  Last Runtime    Last Run
-------------------------------------  -----  ---------  --------  ----------  --------------  -------------------
/opt/airflow/dags/test_ml_pipeline.py                           0           1  0.61s           2025-11-27T18:55:06
================================================================================
[2025-11-27T18:56:01.598+0000] {manager.py:879} INFO - 
================================================================================
DAG File Processing Stats

File Path                              PID    Runtime      # DAGs    # Errors  Last Runtime    Last Run
-------------------------------------  -----  ---------  --------  ----------  --------------  -------------------
/opt/airflow/dags/test_ml_pipeline.py                           0           1  0.56s           2025-11-27T18:55:37
================================================================================
[2025-11-27T18:56:31.893+0000] {manager.py:879} INFO - 
================================================================================
DAG File Processing Stats

File Path                              PID    Runtime      # DAGs    # Errors  Last Runtime    Last Run
-------------------------------------  -----  ---------  --------  ----------  --------------  -------------------
/opt/airflow/dags/test_ml_pipeline.py                           0           1  0.53s           2025-11-27T18:56:08
================================================================================
[2025-11-27T18:57:02.036+0000] {manager.py:879} INFO - 
================================================================================
DAG File Processing Stats

File Path                              PID    Runtime      # DAGs    # Errors  Last Runtime    Last Run
-------------------------------------  -----  ---------  --------  ----------  --------------  -------------------
/opt/airflow/dags/test_ml_pipeline.py                           0           1  0.59s           2025-11-27T18:56:39
================================================================================
[2025-11-27T18:57:32.237+0000] {manager.py:879} INFO - 
================================================================================
DAG File Processing Stats

File Path                              PID    Runtime      # DAGs    # Errors  Last Runtime    Last Run
-------------------------------------  -----  ---------  --------  ----------  --------------  -------------------
/opt/airflow/dags/test_ml_pipeline.py                           0           1  0.61s           2025-11-27T18:57:09
================================================================================
[2025-11-27T18:58:02.375+0000] {manager.py:879} INFO - 
================================================================================
DAG File Processing Stats

File Path                              PID    Runtime      # DAGs    # Errors  Last Runtime    Last Run
-------------------------------------  -----  ---------  --------  ----------  --------------  -------------------
/opt/airflow/dags/test_ml_pipeline.py                           0           1  0.66s           2025-11-27T18:57:40
================================================================================
[2025-11-27T18:58:28.237+0000] {manager.py:738} INFO - Searching for files in /opt/airflow/dags
[2025-11-27T18:58:28.239+0000] {manager.py:741} INFO - There are 1 files in /opt/airflow/dags
[2025-11-27T18:58:32.668+0000] {manager.py:879} INFO - 
================================================================================
DAG File Processing Stats

File Path                              PID    Runtime      # DAGs    # Errors  Last Runtime    Last Run
-------------------------------------  -----  ---------  --------  ----------  --------------  -------------------
/opt/airflow/dags/test_ml_pipeline.py                           0           1  0.59s           2025-11-27T18:58:11
================================================================================
[2025-11-27T18:59:02.799+0000] {manager.py:879} INFO - 
================================================================================
DAG File Processing Stats

File Path                              PID    Runtime      # DAGs    # Errors  Last Runtime    Last Run
-------------------------------------  -----  ---------  --------  ----------  --------------  -------------------
/opt/airflow/dags/test_ml_pipeline.py                           0           1  0.62s           2025-11-27T18:58:41
================================================================================
[2025-11-27T18:59:33.133+0000] {manager.py:879} INFO - 
================================================================================
DAG File Processing Stats

File Path                              PID    Runtime      # DAGs    # Errors  Last Runtime    Last Run
-------------------------------------  -----  ---------  --------  ----------  --------------  -------------------
/opt/airflow/dags/test_ml_pipeline.py                           0           1  0.57s           2025-11-27T18:59:12
================================================================================
[2025-11-27T19:00:03.280+0000] {manager.py:879} INFO - 
================================================================================
DAG File Processing Stats

File Path                              PID    Runtime      # DAGs    # Errors  Last Runtime    Last Run
-------------------------------------  -----  ---------  --------  ----------  --------------  -------------------
/opt/airflow/dags/test_ml_pipeline.py                           0           1  0.51s           2025-11-27T18:59:43
================================================================================
[2025-11-27T19:00:33.455+0000] {manager.py:879} INFO - 
================================================================================
DAG File Processing Stats

File Path                              PID    Runtime      # DAGs    # Errors  Last Runtime    Last Run
-------------------------------------  -----  ---------  --------  ----------  --------------  -------------------
/opt/airflow/dags/test_ml_pipeline.py                           0           1  0.58s           2025-11-27T19:00:13
================================================================================
[2025-11-27T19:01:03.587+0000] {manager.py:879} INFO - 
================================================================================
DAG File Processing Stats

File Path                              PID    Runtime      # DAGs    # Errors  Last Runtime    Last Run
-------------------------------------  -----  ---------  --------  ----------  --------------  -------------------
/opt/airflow/dags/test_ml_pipeline.py                           0           1  0.54s           2025-11-27T19:00:44
================================================================================
[2025-11-27T19:01:33.773+0000] {manager.py:879} INFO - 
================================================================================
DAG File Processing Stats

File Path                              PID    Runtime      # DAGs    # Errors  Last Runtime    Last Run
-------------------------------------  -----  ---------  --------  ----------  --------------  -------------------
/opt/airflow/dags/test_ml_pipeline.py                           0           1  0.50s           2025-11-27T19:01:15
================================================================================
[2025-11-27T19:02:03.886+0000] {manager.py:879} INFO - 
================================================================================
DAG File Processing Stats

File Path                              PID    Runtime      # DAGs    # Errors  Last Runtime    Last Run
-------------------------------------  -----  ---------  --------  ----------  --------------  -------------------
/opt/airflow/dags/test_ml_pipeline.py                           0           1  0.55s           2025-11-27T19:01:45
================================================================================
[2025-11-27T19:02:34.474+0000] {manager.py:879} INFO - 
================================================================================
DAG File Processing Stats

File Path                              PID    Runtime      # DAGs    # Errors  Last Runtime    Last Run
-------------------------------------  -----  ---------  --------  ----------  --------------  -------------------
/opt/airflow/dags/test_ml_pipeline.py                           0           1  0.60s           2025-11-27T19:02:16
================================================================================
[2025-11-27T19:03:04.730+0000] {manager.py:879} INFO - 
================================================================================
DAG File Processing Stats

File Path                              PID    Runtime      # DAGs    # Errors  Last Runtime    Last Run
-------------------------------------  -----  ---------  --------  ----------  --------------  -------------------
/opt/airflow/dags/test_ml_pipeline.py                           0           1  0.52s           2025-11-27T19:02:47
================================================================================
[2025-11-27T19:03:28.836+0000] {manager.py:738} INFO - Searching for files in /opt/airflow/dags
[2025-11-27T19:03:28.837+0000] {manager.py:741} INFO - There are 1 files in /opt/airflow/dags
[2025-11-27T19:03:34.879+0000] {manager.py:879} INFO - 
================================================================================
DAG File Processing Stats

File Path                              PID    Runtime      # DAGs    # Errors  Last Runtime    Last Run
-------------------------------------  -----  ---------  --------  ----------  --------------  -------------------
/opt/airflow/dags/test_ml_pipeline.py                           0           1  0.52s           2025-11-27T19:03:17
================================================================================
[2025-11-27T19:04:05.018+0000] {manager.py:879} INFO - 
================================================================================
DAG File Processing Stats

File Path                              PID    Runtime      # DAGs    # Errors  Last Runtime    Last Run
-------------------------------------  -----  ---------  --------  ----------  --------------  -------------------
/opt/airflow/dags/test_ml_pipeline.py                           0           1  0.61s           2025-11-27T19:03:48
================================================================================
[2025-11-27T19:04:35.152+0000] {manager.py:879} INFO - 
================================================================================
DAG File Processing Stats

File Path                              PID    Runtime      # DAGs    # Errors  Last Runtime    Last Run
-------------------------------------  -----  ---------  --------  ----------  --------------  -------------------
/opt/airflow/dags/test_ml_pipeline.py                           0           1  0.57s           2025-11-27T19:04:19
================================================================================
[2025-11-27T19:05:05.428+0000] {manager.py:879} INFO - 
================================================================================
DAG File Processing Stats

File Path                              PID    Runtime      # DAGs    # Errors  Last Runtime    Last Run
-------------------------------------  -----  ---------  --------  ----------  --------------  -------------------
/opt/airflow/dags/test_ml_pipeline.py                           0           1  0.55s           2025-11-27T19:04:49
================================================================================
[2025-11-27T19:05:35.562+0000] {manager.py:879} INFO - 
================================================================================
DAG File Processing Stats

File Path                              PID    Runtime      # DAGs    # Errors  Last Runtime    Last Run
-------------------------------------  -----  ---------  --------  ----------  --------------  -------------------
/opt/airflow/dags/test_ml_pipeline.py                           0           1  0.55s           2025-11-27T19:05:20
================================================================================
[2025-11-27T19:06:05.755+0000] {manager.py:879} INFO - 
================================================================================
DAG File Processing Stats

File Path                              PID    Runtime      # DAGs    # Errors  Last Runtime    Last Run
-------------------------------------  -----  ---------  --------  ----------  --------------  -------------------
/opt/airflow/dags/test_ml_pipeline.py                           0           1  0.52s           2025-11-27T19:05:51
================================================================================
[2025-11-27T19:06:35.890+0000] {manager.py:879} INFO - 
================================================================================
DAG File Processing Stats

File Path                              PID    Runtime      # DAGs    # Errors  Last Runtime    Last Run
-------------------------------------  -----  ---------  --------  ----------  --------------  -------------------
/opt/airflow/dags/test_ml_pipeline.py                           0           1  0.61s           2025-11-27T19:06:21
================================================================================
[2025-11-27T19:07:06.058+0000] {manager.py:879} INFO - 
================================================================================
DAG File Processing Stats

File Path                              PID    Runtime      # DAGs    # Errors  Last Runtime    Last Run
-------------------------------------  -----  ---------  --------  ----------  --------------  -------------------
/opt/airflow/dags/test_ml_pipeline.py                           0           1  0.58s           2025-11-27T19:06:52
================================================================================
[2025-11-27T19:07:36.209+0000] {manager.py:879} INFO - 
================================================================================
DAG File Processing Stats

File Path                              PID    Runtime      # DAGs    # Errors  Last Runtime    Last Run
-------------------------------------  -----  ---------  --------  ----------  --------------  -------------------
/opt/airflow/dags/test_ml_pipeline.py                           0           1  0.53s           2025-11-27T19:07:23
================================================================================
[2025-11-27T19:07:36.911+0000] {manager.py:451} INFO - Exiting gracefully upon receiving signal 15
[2025-11-27T19:14:11.915+0000] {manager.py:469} INFO - Processing files using up to 2 processes at a time 
[2025-11-27T19:14:11.916+0000] {manager.py:470} INFO - Process each file at most once every 30 seconds
[2025-11-27T19:14:11.916+0000] {manager.py:471} INFO - Checking for new files in /opt/airflow/dags every 300 seconds
[2025-11-27T19:14:11.917+0000] {manager.py:738} INFO - Searching for files in /opt/airflow/dags
[2025-11-27T19:14:11.918+0000] {manager.py:741} INFO - There are 1 files in /opt/airflow/dags
[2025-11-27T19:14:12.107+0000] {manager.py:879} INFO - 
================================================================================
DAG File Processing Stats

File Path                                PID  Runtime      # DAGs    # Errors  Last Runtime    Last Run
-------------------------------------  -----  ---------  --------  ----------  --------------  ----------
/opt/airflow/dags/test_ml_pipeline.py     63  0.13s             0           0
================================================================================
[2025-11-27T19:14:42.248+0000] {manager.py:879} INFO - 
================================================================================
DAG File Processing Stats

File Path                              PID    Runtime      # DAGs    # Errors  Last Runtime    Last Run
-------------------------------------  -----  ---------  --------  ----------  --------------  -------------------
/opt/airflow/dags/test_ml_pipeline.py                           0           1  1.40s           2025-11-27T19:14:13
================================================================================
[2025-11-27T19:15:12.602+0000] {manager.py:879} INFO - 
================================================================================
DAG File Processing Stats

File Path                              PID    Runtime      # DAGs    # Errors  Last Runtime    Last Run
-------------------------------------  -----  ---------  --------  ----------  --------------  -------------------
/opt/airflow/dags/test_ml_pipeline.py                           0           1  1.62s           2025-11-27T19:14:45
================================================================================
[2025-11-27T19:15:17.090+0000] {manager.py:451} INFO - Exiting gracefully upon receiving signal 15
